<?xml version="1.0" encoding="UTF-8"?>
<!-- Generated by org.testng.reporters.JUnitXMLReporter -->
<testsuite ignored="0" hostname="LIN-5CG12008T4" failures="2" tests="5" name="Default test" time="107.619" errors="0" timestamp="2024-04-18T12:02:05 IST">
  <testcase classname="io.cucumber.testng.AbstractTestNGCucumberTests" name="runScenario" time="38.589"/>
  <testcase classname="io.cucumber.testng.AbstractTestNGCucumberTests" name="runScenario" time="17.942"/>
  <testcase classname="io.cucumber.testng.AbstractTestNGCucumberTests" name="runScenario" time="22.394"/>
  <testcase classname="io.cucumber.testng.AbstractTestNGCucumberTests" name="runScenario" time="11.773">
    <failure type="java.lang.AssertionError" message="expected:&amp;lt;https://www.nobroker.in/prophub/new-projects/sheth-zuri-3&amp;gt; but was:&amp;lt;https://www.nobroker.in/prophub/new-builder-projects/capital-gain/&amp;gt;">
      <![CDATA[java.lang.AssertionError: expected:<https://www.nobroker.in/prophub/new-projects/sheth-zuri-3> but was:<https://www.nobroker.in/prophub/new-builder-projects/capital-gain/>
at org.testng.AssertJUnit.assertEquals(AssertJUnit.java:115)
at org.testng.AssertJUnit.assertEquals(AssertJUnit.java:125)
at CommercialStepDefination.CommercialStepDefination.click_the_submit_button(CommercialStepDefination.java:313)
at ✽.click the submit button(file:///C:/Users/APARASHA/Desktop/sprint2/Commercial/src/test/resources/Features/Commercial.feature:45)
]]>
    </failure>
  </testcase> <!-- runScenario -->
  <testcase classname="io.cucumber.testng.AbstractTestNGCucumberTests" name="runScenario" time="14.024">
    <failure type="java.lang.AssertionError" message="expected:&amp;lt;https://www.nobroker.in/prophub/new-projects/sheth-zuri-3&amp;gt; but was:&amp;lt;https://www.nobroker.in/prophub/new-projects/sheth-zuri-3/&amp;gt;">
      <![CDATA[java.lang.AssertionError: expected:<https://www.nobroker.in/prophub/new-projects/sheth-zuri-3> but was:<https://www.nobroker.in/prophub/new-projects/sheth-zuri-3/>
at org.testng.AssertJUnit.assertEquals(AssertJUnit.java:115)
at org.testng.AssertJUnit.assertEquals(AssertJUnit.java:125)
at CommercialStepDefination.CommercialStepDefination.the_user_is_taken_to_the_property_listed_pages(CommercialStepDefination.java:352)
at ✽.the user is taken to the property listed pages(file:///C:/Users/APARASHA/Desktop/sprint2/Commercial/src/test/resources/Features/Commercial.feature:51)
]]>
    </failure>
  </testcase> <!-- runScenario -->
</testsuite> <!-- Default test -->
