<?xml version="1.0" encoding="UTF-8"?>
<!-- Generated by org.testng.reporters.JUnitReportReporter -->
<testsuite hostname="LIN-5CG12008T4" failures="2" tests="5" name="CommercialRunner.Runner" time="104.722" errors="0" timestamp="2024-04-18T12:02:05 IST" skipped="0">
  <testcase classname="CommercialRunner.Runner" name="runScenario" time="17.942"/>
  <testcase classname="CommercialRunner.Runner" name="runScenario" time="38.589"/>
  <testcase classname="CommercialRunner.Runner" name="runScenario" time="14.024">
    <failure message="expected:&lt;https://www.nobroker.in/prophub/new-projects/sheth-zuri-3&gt; but was:&lt;https://www.nobroker.in/prophub/new-projects/sheth-zuri-3/&gt;" type="java.lang.AssertionError">
      <![CDATA[java.lang.AssertionError: expected:<https://www.nobroker.in/prophub/new-projects/sheth-zuri-3> but was:<https://www.nobroker.in/prophub/new-projects/sheth-zuri-3/>
at org.testng.AssertJUnit.assertEquals(AssertJUnit.java:115)
at org.testng.AssertJUnit.assertEquals(AssertJUnit.java:125)
at CommercialStepDefination.CommercialStepDefination.the_user_is_taken_to_the_property_listed_pages(CommercialStepDefination.java:352)
at ✽.the user is taken to the property listed pages(file:///C:/Users/APARASHA/Desktop/sprint2/Commercial/src/test/resources/Features/Commercial.feature:51)
]]>
    </failure>
  </testcase> <!-- runScenario -->
  <testcase classname="CommercialRunner.Runner" name="runScenario" time="22.394"/>
  <testcase classname="CommercialRunner.Runner" name="runScenario" time="11.773">
    <failure message="expected:&lt;https://www.nobroker.in/prophub/new-projects/sheth-zuri-3&gt; but was:&lt;https://www.nobroker.in/prophub/new-builder-projects/capital-gain/&gt;" type="java.lang.AssertionError">
      <![CDATA[java.lang.AssertionError: expected:<https://www.nobroker.in/prophub/new-projects/sheth-zuri-3> but was:<https://www.nobroker.in/prophub/new-builder-projects/capital-gain/>
at org.testng.AssertJUnit.assertEquals(AssertJUnit.java:115)
at org.testng.AssertJUnit.assertEquals(AssertJUnit.java:125)
at CommercialStepDefination.CommercialStepDefination.click_the_submit_button(CommercialStepDefination.java:313)
at ✽.click the submit button(file:///C:/Users/APARASHA/Desktop/sprint2/Commercial/src/test/resources/Features/Commercial.feature:45)
]]>
    </failure>
  </testcase> <!-- runScenario -->
</testsuite> <!-- CommercialRunner.Runner -->
